# JRE version: OpenJDK Runtime Environment (8.0_151-b12) (build 1.8.0_151-8u151-b12-0ubuntu0.16.04.2-b12)
# Java VM: OpenJDK 64-Bit Server VM (25.151-b12 mixed mode linux-amd64 compressed oops)
Heap:
 PSYoungGen      total 150016K, used 24603K [0x00000000d5580000, 0x00000000e3980000, 0x0000000100000000)
  eden space 129024K, 9% used [0x00000000d5580000,0x00000000d6103528,0x00000000dd380000)
  from space 20992K, 61% used [0x00000000dd380000,0x00000000de003a28,0x00000000de800000)
  to   space 20992K, 0% used [0x00000000e2500000,0x00000000e2500000,0x00000000e3980000)
 ParOldGen       total 193024K, used 7627K [0x0000000080000000, 0x000000008bc80000, 0x00000000d5580000)
  object space 193024K, 3% used [0x0000000080000000,0x0000000080772e20,0x000000008bc80000)
 Metaspace       used 30884K, capacity 31420K, committed 31872K, reserved 1077248K
  class space    used 4257K, capacity 4395K, committed 4480K, reserved 1048576K
GC Heap History (8 events):
Event: 5.050 GC heap before
{Heap before GC invocations=1 (full 0):
 PSYoungGen      total 150016K, used 129024K [0x00000000d5580000, 0x00000000dfc80000, 0x0000000100000000)
  eden space 129024K, 100% used [0x00000000d5580000,0x00000000dd380000,0x00000000dd380000)
  from space 20992K, 0% used [0x00000000de800000,0x00000000de800000,0x00000000dfc80000)
  to   space 20992K, 0% used [0x00000000dd380000,0x00000000dd380000,0x00000000de800000)
 ParOldGen       total 343040K, used 0K [0x0000000080000000, 0x0000000094f00000, 0x00000000d5580000)
  object space 343040K, 0% used [0x0000000080000000,0x0000000080000000,0x0000000094f00000)
 Metaspace       used 18975K, capacity 19254K, committed 19328K, reserved 1067008K
  class space    used 2568K, capacity 2662K, committed 2688K, reserved 1048576K
Event: 5.094 GC heap after
Heap after GC invocations=1 (full 0):
 PSYoungGen      total 150016K, used 14936K [0x00000000d5580000, 0x00000000dfc80000, 0x0000000100000000)
  eden space 129024K, 0% used [0x00000000d5580000,0x00000000d5580000,0x00000000dd380000)
  from space 20992K, 71% used [0x00000000dd380000,0x00000000de216100,0x00000000de800000)
  to   space 20992K, 0% used [0x00000000de800000,0x00000000de800000,0x00000000dfc80000)
 ParOldGen       total 343040K, used 16K [0x0000000080000000, 0x0000000094f00000, 0x00000000d5580000)
  object space 343040K, 0% used [0x0000000080000000,0x0000000080004000,0x0000000094f00000)
 Metaspace       used 18975K, capacity 19254K, committed 19328K, reserved 1067008K
  class space    used 2568K, capacity 2662K, committed 2688K, reserved 1048576K
}
Event: 5.736 GC heap before
{Heap before GC invocations=2 (full 0):
 PSYoungGen      total 150016K, used 35870K [0x00000000d5580000, 0x00000000dfc80000, 0x0000000100000000)
  eden space 129024K, 16% used [0x00000000d5580000,0x00000000d69f1aa0,0x00000000dd380000)
  from space 20992K, 71% used [0x00000000dd380000,0x00000000de216100,0x00000000de800000)
  to   space 20992K, 0% used [0x00000000de800000,0x00000000de800000,0x00000000dfc80000)
 ParOldGen       total 343040K, used 16K [0x0000000080000000, 0x0000000094f00000, 0x00000000d5580000)
  object space 343040K, 0% used [0x0000000080000000,0x0000000080004000,0x0000000094f00000)
 Metaspace       used 20863K, capacity 21154K, committed 21296K, reserved 1067008K
  class space    used 2754K, capacity 2889K, committed 2944K, reserved 1048576K
Event: 5.765 GC heap after
Heap after GC invocations=2 (full 0):
 PSYoungGen      total 150016K, used 7820K [0x00000000d5580000, 0x00000000e7a80000, 0x0000000100000000)
  eden space 129024K, 0% used [0x00000000d5580000,0x00000000d5580000,0x00000000dd380000)
  from space 20992K, 37% used [0x00000000de800000,0x00000000defa33b8,0x00000000dfc80000)
  to   space 20992K, 0% used [0x00000000dd380000,0x00000000dd380000,0x00000000de800000)
 ParOldGen       total 343040K, used 24K [0x0000000080000000, 0x0000000094f00000, 0x00000000d5580000)
  object space 343040K, 0% used [0x0000000080000000,0x0000000080006000,0x0000000094f00000)
 Metaspace       used 20863K, capacity 21154K, committed 21296K, reserved 1067008K
  class space    used 2754K, capacity 2889K, committed 2944K, reserved 1048576K
}
Event: 5.765 GC heap before
{Heap before GC invocations=3 (full 1):
 PSYoungGen      total 150016K, used 7820K [0x00000000d5580000, 0x00000000e7a80000, 0x0000000100000000)
  eden space 129024K, 0% used [0x00000000d5580000,0x00000000d5580000,0x00000000dd380000)
  from space 20992K, 37% used [0x00000000de800000,0x00000000defa33b8,0x00000000dfc80000)
  to   space 20992K, 0% used [0x00000000dd380000,0x00000000dd380000,0x00000000de800000)
 ParOldGen       total 343040K, used 24K [0x0000000080000000, 0x0000000094f00000, 0x00000000d5580000)
  object space 343040K, 0% used [0x0000000080000000,0x0000000080006000,0x0000000094f00000)
 Metaspace       used 20863K, capacity 21154K, committed 21296K, reserved 1067008K
  class space    used 2754K, capacity 2889K, committed 2944K, reserved 1048576K
Event: 5.881 GC heap after
Heap after GC invocations=3 (full 1):
 PSYoungGen      total 150016K, used 0K [0x00000000d5580000, 0x00000000e7a80000, 0x0000000100000000)
  eden space 129024K, 0% used [0x00000000d5580000,0x00000000d5580000,0x00000000dd380000)
  from space 20992K, 0% used [0x00000000de800000,0x00000000de800000,0x00000000dfc80000)
  to   space 20992K, 0% used [0x00000000dd380000,0x00000000dd380000,0x00000000de800000)
 ParOldGen       total 193024K, used 7619K [0x0000000080000000, 0x000000008bc80000, 0x00000000d5580000)
  object space 193024K, 3% used [0x0000000080000000,0x0000000080770e20,0x000000008bc80000)
 Metaspace       used 20863K, capacity 21154K, committed 21296K, reserved 1067008K
  class space    used 2754K, capacity 2889K, committed 2944K, reserved 1048576K
}
Event: 12.168 GC heap before
{Heap before GC invocations=4 (full 1):
 PSYoungGen      total 150016K, used 129024K [0x00000000d5580000, 0x00000000e7a80000, 0x0000000100000000)
  eden space 129024K, 100% used [0x00000000d5580000,0x00000000dd380000,0x00000000dd380000)
  from space 20992K, 0% used [0x00000000de800000,0x00000000de800000,0x00000000dfc80000)
  to   space 20992K, 0% used [0x00000000dd380000,0x00000000dd380000,0x00000000de800000)
 ParOldGen       total 193024K, used 7619K [0x0000000080000000, 0x000000008bc80000, 0x00000000d5580000)
  object space 193024K, 3% used [0x0000000080000000,0x0000000080770e20,0x000000008bc80000)
 Metaspace       used 30330K, capacity 30972K, committed 31232K, reserved 1077248K
  class space    used 4160K, capacity 4331K, committed 4352K, reserved 1048576K
Event: 12.193 GC heap after
Heap after GC invocations=4 (full 1):
 PSYoungGen      total 150016K, used 12814K [0x00000000d5580000, 0x00000000e3980000, 0x0000000100000000)
  eden space 129024K, 0% used [0x00000000d5580000,0x00000000d5580000,0x00000000dd380000)
  from space 20992K, 61% used [0x00000000dd380000,0x00000000de003a28,0x00000000de800000)
  to   space 20992K, 0% used [0x00000000e2500000,0x00000000e2500000,0x00000000e3980000)
 ParOldGen       total 193024K, used 7627K [0x0000000080000000, 0x000000008bc80000, 0x00000000d5580000)
  object space 193024K, 3% used [0x0000000080000000,0x0000000080772e20,0x000000008bc80000)
 Metaspace       used 30330K, capacity 30972K, committed 31232K, reserved 1077248K
  class space    used 4160K, capacity 4331K, committed 4352K, reserved 1048576K
}

