# JRE version: OpenJDK Runtime Environment (8.0_151-b12) (build 1.8.0_151-8u151-b12-0ubuntu0.16.04.2-b12)
# Java VM: OpenJDK 64-Bit Server VM (25.151-b12 mixed mode linux-amd64 compressed oops)
Heap:
 PSYoungGen      total 357376K, used 58978K [0x00000000d5580000, 0x00000000f3700000, 0x0000000100000000)
  eden space 336384K, 11% used [0x00000000d5580000,0x00000000d7aa0278,0x00000000e9e00000)
  from space 20992K, 99% used [0x00000000e9e00000,0x00000000eb278918,0x00000000eb280000)
  to   space 36864K, 0% used [0x00000000f1300000,0x00000000f1300000,0x00000000f3700000)
 ParOldGen       total 384512K, used 39335K [0x0000000080000000, 0x0000000097780000, 0x00000000d5580000)
  object space 384512K, 10% used [0x0000000080000000,0x0000000082669c30,0x0000000097780000)
 Metaspace       used 55350K, capacity 57398K, committed 57600K, reserved 1099776K
  class space    used 7434K, capacity 7858K, committed 7936K, reserved 1048576K
GC Heap History (10 events):
Event: 2.928 GC heap before
{Heap before GC invocations=3 (full 1):
 PSYoungGen      total 279040K, used 7788K [0x00000000d5580000, 0x00000000e7a80000, 0x0000000100000000)
  eden space 258048K, 0% used [0x00000000d5580000,0x00000000d5580000,0x00000000e5180000)
  from space 20992K, 37% used [0x00000000e6600000,0x00000000e6d9b3f8,0x00000000e7a80000)
  to   space 20992K, 0% used [0x00000000e5180000,0x00000000e5180000,0x00000000e6600000)
 ParOldGen       total 343040K, used 16K [0x0000000080000000, 0x0000000094f00000, 0x00000000d5580000)
  object space 343040K, 0% used [0x0000000080000000,0x0000000080004000,0x0000000094f00000)
 Metaspace       used 20865K, capacity 21154K, committed 21296K, reserved 1067008K
  class space    used 2750K, capacity 2889K, committed 2944K, reserved 1048576K
Event: 3.042 GC heap after
Heap after GC invocations=3 (full 1):
 PSYoungGen      total 279040K, used 0K [0x00000000d5580000, 0x00000000e7a80000, 0x0000000100000000)
  eden space 258048K, 0% used [0x00000000d5580000,0x00000000d5580000,0x00000000e5180000)
  from space 20992K, 0% used [0x00000000e6600000,0x00000000e6600000,0x00000000e7a80000)
  to   space 20992K, 0% used [0x00000000e5180000,0x00000000e5180000,0x00000000e6600000)
 ParOldGen       total 220160K, used 7610K [0x0000000080000000, 0x000000008d700000, 0x00000000d5580000)
  object space 220160K, 3% used [0x0000000080000000,0x000000008076eb30,0x000000008d700000)
 Metaspace       used 20865K, capacity 21154K, committed 21296K, reserved 1067008K
  class space    used 2750K, capacity 2889K, committed 2944K, reserved 1048576K
}
Event: 6.718 GC heap before
{Heap before GC invocations=4 (full 1):
 PSYoungGen      total 279040K, used 217153K [0x00000000d5580000, 0x00000000e7a80000, 0x0000000100000000)
  eden space 258048K, 84% used [0x00000000d5580000,0x00000000e2990540,0x00000000e5180000)
  from space 20992K, 0% used [0x00000000e6600000,0x00000000e6600000,0x00000000e7a80000)
  to   space 20992K, 0% used [0x00000000e5180000,0x00000000e5180000,0x00000000e6600000)
 ParOldGen       total 220160K, used 7610K [0x0000000080000000, 0x000000008d700000, 0x00000000d5580000)
  object space 220160K, 3% used [0x0000000080000000,0x000000008076eb30,0x000000008d700000)
 Metaspace       used 34605K, capacity 35256K, committed 35456K, reserved 1079296K
  class space    used 4722K, capacity 4927K, committed 4992K, reserved 1048576K
Event: 6.747 GC heap after
Heap after GC invocations=4 (full 1):
 PSYoungGen      total 279040K, used 20978K [0x00000000d5580000, 0x00000000ec700000, 0x0000000100000000)
  eden space 258048K, 0% used [0x00000000d5580000,0x00000000d5580000,0x00000000e5180000)
  from space 20992K, 99% used [0x00000000e5180000,0x00000000e65fca08,0x00000000e6600000)
  to   space 20992K, 0% used [0x00000000eb280000,0x00000000eb280000,0x00000000ec700000)
 ParOldGen       total 220160K, used 8077K [0x0000000080000000, 0x000000008d700000, 0x00000000d5580000)
  object space 220160K, 3% used [0x0000000080000000,0x00000000807e3780,0x000000008d700000)
 Metaspace       used 34605K, capacity 35256K, committed 35456K, reserved 1079296K
  class space    used 4722K, capacity 4927K, committed 4992K, reserved 1048576K
}
Event: 6.747 GC heap before
{Heap before GC invocations=5 (full 2):
 PSYoungGen      total 279040K, used 20978K [0x00000000d5580000, 0x00000000ec700000, 0x0000000100000000)
  eden space 258048K, 0% used [0x00000000d5580000,0x00000000d5580000,0x00000000e5180000)
  from space 20992K, 99% used [0x00000000e5180000,0x00000000e65fca08,0x00000000e6600000)
  to   space 20992K, 0% used [0x00000000eb280000,0x00000000eb280000,0x00000000ec700000)
 ParOldGen       total 220160K, used 8077K [0x0000000080000000, 0x000000008d700000, 0x00000000d5580000)
  object space 220160K, 3% used [0x0000000080000000,0x00000000807e3780,0x000000008d700000)
 Metaspace       used 34605K, capacity 35256K, committed 35456K, reserved 1079296K
  class space    used 4722K, capacity 4927K, committed 4992K, reserved 1048576K
Event: 6.863 GC heap after
Heap after GC invocations=5 (full 2):
 PSYoungGen      total 279040K, used 0K [0x00000000d5580000, 0x00000000ec700000, 0x0000000100000000)
  eden space 258048K, 0% used [0x00000000d5580000,0x00000000d5580000,0x00000000e5180000)
  from space 20992K, 0% used [0x00000000e5180000,0x00000000e5180000,0x00000000e6600000)
  to   space 20992K, 0% used [0x00000000eb280000,0x00000000eb280000,0x00000000ec700000)
 ParOldGen       total 384512K, used 27381K [0x0000000080000000, 0x0000000097780000, 0x00000000d5580000)
  object space 384512K, 7% used [0x0000000080000000,0x0000000081abd490,0x0000000097780000)
 Metaspace       used 34605K, capacity 35256K, committed 35456K, reserved 1079296K
  class space    used 4722K, capacity 4927K, committed 4992K, reserved 1048576K
}
Event: 10.457 GC heap before
{Heap before GC invocations=6 (full 2):
 PSYoungGen      total 279040K, used 258048K [0x00000000d5580000, 0x00000000ec700000, 0x0000000100000000)
  eden space 258048K, 100% used [0x00000000d5580000,0x00000000e5180000,0x00000000e5180000)
  from space 20992K, 0% used [0x00000000e5180000,0x00000000e5180000,0x00000000e6600000)
  to   space 20992K, 0% used [0x00000000eb280000,0x00000000eb280000,0x00000000ec700000)
 ParOldGen       total 384512K, used 27381K [0x0000000080000000, 0x0000000097780000, 0x00000000d5580000)
  object space 384512K, 7% used [0x0000000080000000,0x0000000081abd490,0x0000000097780000)
 Metaspace       used 47501K, capacity 48900K, committed 49152K, reserved 1091584K
  class space    used 6489K, capacity 6847K, committed 6912K, reserved 1048576K
Event: 10.495 GC heap after
Heap after GC invocations=6 (full 2):
 PSYoungGen      total 357376K, used 20991K [0x00000000d5580000, 0x00000000ec700000, 0x0000000100000000)
  eden space 336384K, 0% used [0x00000000d5580000,0x00000000d5580000,0x00000000e9e00000)
  from space 20992K, 99% used [0x00000000eb280000,0x00000000ec6ffe40,0x00000000ec700000)
  to   space 20992K, 0% used [0x00000000e9e00000,0x00000000e9e00000,0x00000000eb280000)
 ParOldGen       total 384512K, used 27945K [0x0000000080000000, 0x0000000097780000, 0x00000000d5580000)
  object space 384512K, 7% used [0x0000000080000000,0x0000000081b4a5a0,0x0000000097780000)
 Metaspace       used 47501K, capacity 48900K, committed 49152K, reserved 1091584K
  class space    used 6489K, capacity 6847K, committed 6912K, reserved 1048576K
}
Event: 698.745 GC heap before
{Heap before GC invocations=7 (full 2):
 PSYoungGen      total 357376K, used 357375K [0x00000000d5580000, 0x00000000ec700000, 0x0000000100000000)
  eden space 336384K, 100% used [0x00000000d5580000,0x00000000e9e00000,0x00000000e9e00000)
  from space 20992K, 99% used [0x00000000eb280000,0x00000000ec6ffe40,0x00000000ec700000)
  to   space 20992K, 0% used [0x00000000e9e00000,0x00000000e9e00000,0x00000000eb280000)
 ParOldGen       total 384512K, used 27945K [0x0000000080000000, 0x0000000097780000, 0x00000000d5580000)
  object space 384512K, 7% used [0x0000000080000000,0x0000000081b4a5a0,0x0000000097780000)
 Metaspace       used 55162K, capacity 57292K, committed 57600K, reserved 1099776K
  class space    used 7430K, capacity 7851K, committed 7936K, reserved 1048576K
Event: 698.798 GC heap after
Heap after GC invocations=7 (full 2):
 PSYoungGen      total 357376K, used 20962K [0x00000000d5580000, 0x00000000f3700000, 0x0000000100000000)
  eden space 336384K, 0% used [0x00000000d5580000,0x00000000d5580000,0x00000000e9e00000)
  from space 20992K, 99% used [0x00000000e9e00000,0x00000000eb278918,0x00000000eb280000)
  to   space 36864K, 0% used [0x00000000f1300000,0x00000000f1300000,0x00000000f3700000)
 ParOldGen       total 384512K, used 39335K [0x0000000080000000, 0x0000000097780000, 0x00000000d5580000)
  object space 384512K, 10% used [0x0000000080000000,0x0000000082669c30,0x0000000097780000)
 Metaspace       used 55162K, capacity 57292K, committed 57600K, reserved 1099776K
  class space    used 7430K, capacity 7851K, committed 7936K, reserved 1048576K
}

