# JRE version: OpenJDK Runtime Environment (8.0_151-b12) (build 1.8.0_151-8u151-b12-0ubuntu0.16.04.2-b12)
# Java VM: OpenJDK 64-Bit Server VM (25.151-b12 mixed mode linux-amd64 compressed oops)
Heap:
 PSYoungGen      total 270336K, used 195953K [0x00000000d5580000, 0x00000000e7b80000, 0x0000000100000000)
  eden space 253440K, 70% used [0x00000000d5580000,0x00000000e045fc68,0x00000000e4d00000)
  from space 16896K, 99% used [0x00000000e6400000,0x00000000e747c8e8,0x00000000e7480000)
  to   space 23552K, 0% used [0x00000000e4d00000,0x00000000e4d00000,0x00000000e6400000)
 ParOldGen       total 320512K, used 27918K [0x0000000080000000, 0x0000000093900000, 0x00000000d5580000)
  object space 320512K, 8% used [0x0000000080000000,0x0000000081b43a18,0x0000000093900000)
 Metaspace       used 55051K, capacity 56924K, committed 57088K, reserved 1097728K
  class space    used 7416K, capacity 7827K, committed 7936K, reserved 1048576K
GC Heap History (10 events):
Event: 5.796 GC heap before
{Heap before GC invocations=4 (full 1):
 PSYoungGen      total 150016K, used 129024K [0x00000000d5580000, 0x00000000e7a80000, 0x0000000100000000)
  eden space 129024K, 100% used [0x00000000d5580000,0x00000000dd380000,0x00000000dd380000)
  from space 20992K, 0% used [0x00000000de800000,0x00000000de800000,0x00000000dfc80000)
  to   space 20992K, 0% used [0x00000000dd380000,0x00000000dd380000,0x00000000de800000)
 ParOldGen       total 199680K, used 7712K [0x0000000080000000, 0x000000008c300000, 0x00000000d5580000)
  object space 199680K, 3% used [0x0000000080000000,0x0000000080788000,0x000000008c300000)
 Metaspace       used 30471K, capacity 31004K, committed 31360K, reserved 1077248K
  class space    used 4183K, capacity 4363K, committed 4480K, reserved 1048576K
Event: 5.818 GC heap after
Heap after GC invocations=4 (full 1):
 PSYoungGen      total 150016K, used 13157K [0x00000000d5580000, 0x00000000e3500000, 0x0000000100000000)
  eden space 129024K, 0% used [0x00000000d5580000,0x00000000d5580000,0x00000000dd380000)
  from space 20992K, 62% used [0x00000000dd380000,0x00000000de059460,0x00000000de800000)
  to   space 20992K, 0% used [0x00000000e2080000,0x00000000e2080000,0x00000000e3500000)
 ParOldGen       total 199680K, used 7712K [0x0000000080000000, 0x000000008c300000, 0x00000000d5580000)
  object space 199680K, 3% used [0x0000000080000000,0x0000000080788000,0x000000008c300000)
 Metaspace       used 30471K, capacity 31004K, committed 31360K, reserved 1077248K
  class space    used 4183K, capacity 4363K, committed 4480K, reserved 1048576K
}
Event: 7.181 GC heap before
{Heap before GC invocations=5 (full 1):
 PSYoungGen      total 150016K, used 99506K [0x00000000d5580000, 0x00000000e3500000, 0x0000000100000000)
  eden space 129024K, 66% used [0x00000000d5580000,0x00000000da9d3768,0x00000000dd380000)
  from space 20992K, 62% used [0x00000000dd380000,0x00000000de059460,0x00000000de800000)
  to   space 20992K, 0% used [0x00000000e2080000,0x00000000e2080000,0x00000000e3500000)
 ParOldGen       total 199680K, used 7712K [0x0000000080000000, 0x000000008c300000, 0x00000000d5580000)
  object space 199680K, 3% used [0x0000000080000000,0x0000000080788000,0x000000008c300000)
 Metaspace       used 34636K, capacity 35256K, committed 35456K, reserved 1079296K
  class space    used 4731K, capacity 4927K, committed 4992K, reserved 1048576K
Event: 7.208 GC heap after
Heap after GC invocations=5 (full 1):
 PSYoungGen      total 203776K, used 12797K [0x00000000d5580000, 0x00000000e3300000, 0x0000000100000000)
  eden space 184832K, 0% used [0x00000000d5580000,0x00000000d5580000,0x00000000e0a00000)
  from space 18944K, 67% used [0x00000000e2080000,0x00000000e2cff5e0,0x00000000e3300000)
  to   space 20992K, 0% used [0x00000000e0a00000,0x00000000e0a00000,0x00000000e1e80000)
 ParOldGen       total 199680K, used 7720K [0x0000000080000000, 0x000000008c300000, 0x00000000d5580000)
  object space 199680K, 3% used [0x0000000080000000,0x000000008078a000,0x000000008c300000)
 Metaspace       used 34636K, capacity 35256K, committed 35456K, reserved 1079296K
  class space    used 4731K, capacity 4927K, committed 4992K, reserved 1048576K
}
Event: 7.208 GC heap before
{Heap before GC invocations=6 (full 2):
 PSYoungGen      total 203776K, used 12797K [0x00000000d5580000, 0x00000000e3300000, 0x0000000100000000)
  eden space 184832K, 0% used [0x00000000d5580000,0x00000000d5580000,0x00000000e0a00000)
  from space 18944K, 67% used [0x00000000e2080000,0x00000000e2cff5e0,0x00000000e3300000)
  to   space 20992K, 0% used [0x00000000e0a00000,0x00000000e0a00000,0x00000000e1e80000)
 ParOldGen       total 199680K, used 7720K [0x0000000080000000, 0x000000008c300000, 0x00000000d5580000)
  object space 199680K, 3% used [0x0000000080000000,0x000000008078a000,0x000000008c300000)
 Metaspace       used 34636K, capacity 35256K, committed 35456K, reserved 1079296K
  class space    used 4731K, capacity 4927K, committed 4992K, reserved 1048576K
Event: 7.340 GC heap after
Heap after GC invocations=6 (full 2):
 PSYoungGen      total 203776K, used 0K [0x00000000d5580000, 0x00000000e3300000, 0x0000000100000000)
  eden space 184832K, 0% used [0x00000000d5580000,0x00000000d5580000,0x00000000e0a00000)
  from space 18944K, 0% used [0x00000000e2080000,0x00000000e2080000,0x00000000e3300000)
  to   space 20992K, 0% used [0x00000000e0a00000,0x00000000e0a00000,0x00000000e1e80000)
 ParOldGen       total 320512K, used 19285K [0x0000000080000000, 0x0000000093900000, 0x00000000d5580000)
  object space 320512K, 6% used [0x0000000080000000,0x00000000812d55d0,0x0000000093900000)
 Metaspace       used 34636K, capacity 35256K, committed 35456K, reserved 1079296K
  class space    used 4731K, capacity 4927K, committed 4992K, reserved 1048576K
}
Event: 10.178 GC heap before
{Heap before GC invocations=7 (full 2):
 PSYoungGen      total 203776K, used 184832K [0x00000000d5580000, 0x00000000e3300000, 0x0000000100000000)
  eden space 184832K, 100% used [0x00000000d5580000,0x00000000e0a00000,0x00000000e0a00000)
  from space 18944K, 0% used [0x00000000e2080000,0x00000000e2080000,0x00000000e3300000)
  to   space 20992K, 0% used [0x00000000e0a00000,0x00000000e0a00000,0x00000000e1e80000)
 ParOldGen       total 320512K, used 19285K [0x0000000080000000, 0x0000000093900000, 0x00000000d5580000)
  object space 320512K, 6% used [0x0000000080000000,0x00000000812d55d0,0x0000000093900000)
 Metaspace       used 43233K, capacity 44394K, committed 44672K, reserved 1087488K
  class space    used 5855K, capacity 6147K, committed 6272K, reserved 1048576K
Event: 10.225 GC heap after
Heap after GC invocations=7 (full 2):
 PSYoungGen      total 205824K, used 14167K [0x00000000d5580000, 0x00000000e7480000, 0x0000000100000000)
  eden space 184832K, 0% used [0x00000000d5580000,0x00000000d5580000,0x00000000e0a00000)
  from space 20992K, 67% used [0x00000000e0a00000,0x00000000e17d5f40,0x00000000e1e80000)
  to   space 16896K, 0% used [0x00000000e6400000,0x00000000e6400000,0x00000000e7480000)
 ParOldGen       total 320512K, used 19285K [0x0000000080000000, 0x0000000093900000, 0x00000000d5580000)
  object space 320512K, 6% used [0x0000000080000000,0x00000000812d55d0,0x0000000093900000)
 Metaspace       used 43233K, capacity 44394K, committed 44672K, reserved 1087488K
  class space    used 5855K, capacity 6147K, committed 6272K, reserved 1048576K
}
Event: 12.955 GC heap before
{Heap before GC invocations=8 (full 2):
 PSYoungGen      total 205824K, used 198999K [0x00000000d5580000, 0x00000000e7480000, 0x0000000100000000)
  eden space 184832K, 100% used [0x00000000d5580000,0x00000000e0a00000,0x00000000e0a00000)
  from space 20992K, 67% used [0x00000000e0a00000,0x00000000e17d5f40,0x00000000e1e80000)
  to   space 16896K, 0% used [0x00000000e6400000,0x00000000e6400000,0x00000000e7480000)
 ParOldGen       total 320512K, used 19285K [0x0000000080000000, 0x0000000093900000, 0x00000000d5580000)
  object space 320512K, 6% used [0x0000000080000000,0x00000000812d55d0,0x0000000093900000)
 Metaspace       used 50814K, capacity 52482K, committed 52736K, reserved 1095680K
  class space    used 6941K, capacity 7326K, committed 7424K, reserved 1048576K
Event: 12.985 GC heap after
Heap after GC invocations=8 (full 2):
 PSYoungGen      total 270336K, used 16882K [0x00000000d5580000, 0x00000000e7b80000, 0x0000000100000000)
  eden space 253440K, 0% used [0x00000000d5580000,0x00000000d5580000,0x00000000e4d00000)
  from space 16896K, 99% used [0x00000000e6400000,0x00000000e747c8e8,0x00000000e7480000)
  to   space 23552K, 0% used [0x00000000e4d00000,0x00000000e4d00000,0x00000000e6400000)
 ParOldGen       total 320512K, used 27918K [0x0000000080000000, 0x0000000093900000, 0x00000000d5580000)
  object space 320512K, 8% used [0x0000000080000000,0x0000000081b43a18,0x0000000093900000)
 Metaspace       used 50814K, capacity 52482K, committed 52736K, reserved 1095680K
  class space    used 6941K, capacity 7326K, committed 7424K, reserved 1048576K
}

