# JRE version: OpenJDK Runtime Environment (8.0_151-b12) (build 1.8.0_151-8u151-b12-0ubuntu0.16.04.2-b12)
# Java VM: OpenJDK 64-Bit Server VM (25.151-b12 mixed mode linux-amd64 compressed oops)
Heap:
 PSYoungGen      total 506368K, used 459318K [0x00000000d5580000, 0x00000000fe900000, 0x0000000100000000)
  eden space 468480K, 97% used [0x00000000d5580000,0x00000000f1265878,0x00000000f1f00000)
  from space 37888K, 9% used [0x00000000f1f00000,0x00000000f22a8010,0x00000000f4400000)
  to   space 39424K, 0% used [0x00000000fc280000,0x00000000fc280000,0x00000000fe900000)
 ParOldGen       total 484352K, used 44148K [0x0000000080000000, 0x000000009d900000, 0x00000000d5580000)
  object space 484352K, 9% used [0x0000000080000000,0x0000000082b1d160,0x000000009d900000)
 Metaspace       used 58670K, capacity 62216K, committed 62464K, reserved 1103872K
  class space    used 7690K, capacity 8353K, committed 8448K, reserved 1048576K
GC Heap History (10 events):
Event: 10.916 GC heap before
{Heap before GC invocations=6 (full 2):
 PSYoungGen      total 279040K, used 258048K [0x00000000d5580000, 0x00000000ee000000, 0x0000000100000000)
  eden space 258048K, 100% used [0x00000000d5580000,0x00000000e5180000,0x00000000e5180000)
  from space 20992K, 0% used [0x00000000e5180000,0x00000000e5180000,0x00000000e6600000)
  to   space 20992K, 0% used [0x00000000ecb80000,0x00000000ecb80000,0x00000000ee000000)
 ParOldGen       total 339456K, used 27345K [0x0000000080000000, 0x0000000094b80000, 0x00000000d5580000)
  object space 339456K, 8% used [0x0000000080000000,0x0000000081ab4770,0x0000000094b80000)
 Metaspace       used 47499K, capacity 48868K, committed 49152K, reserved 1091584K
  class space    used 6482K, capacity 6815K, committed 6912K, reserved 1048576K
Event: 10.955 GC heap after
Heap after GC invocations=6 (full 2):
 PSYoungGen      total 381440K, used 20981K [0x00000000d5580000, 0x00000000ee000000, 0x0000000100000000)
  eden space 360448K, 0% used [0x00000000d5580000,0x00000000d5580000,0x00000000eb580000)
  from space 20992K, 99% used [0x00000000ecb80000,0x00000000edffd430,0x00000000ee000000)
  to   space 20992K, 0% used [0x00000000eb700000,0x00000000eb700000,0x00000000ecb80000)
 ParOldGen       total 339456K, used 28167K [0x0000000080000000, 0x0000000094b80000, 0x00000000d5580000)
  object space 339456K, 8% used [0x0000000080000000,0x0000000081b81c68,0x0000000094b80000)
 Metaspace       used 47499K, capacity 48868K, committed 49152K, reserved 1091584K
  class space    used 6482K, capacity 6815K, committed 6912K, reserved 1048576K
}
Event: 95.701 GC heap before
{Heap before GC invocations=7 (full 2):
 PSYoungGen      total 381440K, used 381429K [0x00000000d5580000, 0x00000000ee000000, 0x0000000100000000)
  eden space 360448K, 100% used [0x00000000d5580000,0x00000000eb580000,0x00000000eb580000)
  from space 20992K, 99% used [0x00000000ecb80000,0x00000000edffd430,0x00000000ee000000)
  to   space 20992K, 0% used [0x00000000eb700000,0x00000000eb700000,0x00000000ecb80000)
 ParOldGen       total 339456K, used 28167K [0x0000000080000000, 0x0000000094b80000, 0x00000000d5580000)
  object space 339456K, 8% used [0x0000000080000000,0x0000000081b81c68,0x0000000094b80000)
 Metaspace       used 55402K, capacity 57458K, committed 57600K, reserved 1099776K
  class space    used 7445K, capacity 7884K, committed 7936K, reserved 1048576K
Event: 95.769 GC heap after
Heap after GC invocations=7 (full 2):
 PSYoungGen      total 382976K, used 20962K [0x00000000d5580000, 0x00000000f7400000, 0x0000000100000000)
  eden space 361984K, 0% used [0x00000000d5580000,0x00000000d5580000,0x00000000eb700000)
  from space 20992K, 99% used [0x00000000eb700000,0x00000000ecb788e8,0x00000000ecb80000)
  to   space 37376K, 0% used [0x00000000f4f80000,0x00000000f4f80000,0x00000000f7400000)
 ParOldGen       total 339456K, used 40326K [0x0000000080000000, 0x0000000094b80000, 0x00000000d5580000)
  object space 339456K, 11% used [0x0000000080000000,0x0000000082761820,0x0000000094b80000)
 Metaspace       used 55402K, capacity 57458K, committed 57600K, reserved 1099776K
  class space    used 7445K, capacity 7884K, committed 7936K, reserved 1048576K
}
Event: 936.026 GC heap before
{Heap before GC invocations=8 (full 2):
 PSYoungGen      total 382976K, used 227254K [0x00000000d5580000, 0x00000000f7400000, 0x0000000100000000)
  eden space 361984K, 56% used [0x00000000d5580000,0x00000000e1ef5038,0x00000000eb700000)
  from space 20992K, 99% used [0x00000000eb700000,0x00000000ecb788e8,0x00000000ecb80000)
  to   space 37376K, 0% used [0x00000000f4f80000,0x00000000f4f80000,0x00000000f7400000)
 ParOldGen       total 339456K, used 40326K [0x0000000080000000, 0x0000000094b80000, 0x00000000d5580000)
  object space 339456K, 11% used [0x0000000080000000,0x0000000082761820,0x0000000094b80000)
 Metaspace       used 56515K, capacity 59064K, committed 59096K, reserved 1099776K
  class space    used 7521K, capacity 8047K, committed 8064K, reserved 1048576K
Event: 936.139 GC heap after
Heap after GC invocations=8 (full 2):
 PSYoungGen      total 486912K, used 25815K [0x00000000d5580000, 0x00000000f6900000, 0x0000000100000000)
  eden space 460800K, 0% used [0x00000000d5580000,0x00000000d5580000,0x00000000f1780000)
  from space 26112K, 98% used [0x00000000f4f80000,0x00000000f68b5c88,0x00000000f6900000)
  to   space 37888K, 0% used [0x00000000f1f00000,0x00000000f1f00000,0x00000000f4400000)
 ParOldGen       total 339456K, used 40334K [0x0000000080000000, 0x0000000094b80000, 0x00000000d5580000)
  object space 339456K, 11% used [0x0000000080000000,0x0000000082763820,0x0000000094b80000)
 Metaspace       used 56515K, capacity 59064K, committed 59096K, reserved 1099776K
  class space    used 7521K, capacity 8047K, committed 8064K, reserved 1048576K
}
Event: 936.139 GC heap before
{Heap before GC invocations=9 (full 3):
 PSYoungGen      total 486912K, used 25815K [0x00000000d5580000, 0x00000000f6900000, 0x0000000100000000)
  eden space 460800K, 0% used [0x00000000d5580000,0x00000000d5580000,0x00000000f1780000)
  from space 26112K, 98% used [0x00000000f4f80000,0x00000000f68b5c88,0x00000000f6900000)
  to   space 37888K, 0% used [0x00000000f1f00000,0x00000000f1f00000,0x00000000f4400000)
 ParOldGen       total 339456K, used 40334K [0x0000000080000000, 0x0000000094b80000, 0x00000000d5580000)
  object space 339456K, 11% used [0x0000000080000000,0x0000000082763820,0x0000000094b80000)
 Metaspace       used 56515K, capacity 59064K, committed 59096K, reserved 1099776K
  class space    used 7521K, capacity 8047K, committed 8064K, reserved 1048576K
Event: 936.505 GC heap after
Heap after GC invocations=9 (full 3):
 PSYoungGen      total 486912K, used 0K [0x00000000d5580000, 0x00000000f6900000, 0x0000000100000000)
  eden space 460800K, 0% used [0x00000000d5580000,0x00000000d5580000,0x00000000f1780000)
  from space 26112K, 0% used [0x00000000f4f80000,0x00000000f4f80000,0x00000000f6900000)
  to   space 37888K, 0% used [0x00000000f1f00000,0x00000000f1f00000,0x00000000f4400000)
 ParOldGen       total 484352K, used 44140K [0x0000000080000000, 0x000000009d900000, 0x00000000d5580000)
  object space 484352K, 9% used [0x0000000080000000,0x0000000082b1b160,0x000000009d900000)
 Metaspace       used 56515K, capacity 59064K, committed 59096K, reserved 1099776K
  class space    used 7521K, capacity 8047K, committed 8064K, reserved 1048576K
}
Event: 2464.078 GC heap before
{Heap before GC invocations=10 (full 3):
 PSYoungGen      total 486912K, used 460800K [0x00000000d5580000, 0x00000000f6900000, 0x0000000100000000)
  eden space 460800K, 100% used [0x00000000d5580000,0x00000000f1780000,0x00000000f1780000)
  from space 26112K, 0% used [0x00000000f4f80000,0x00000000f4f80000,0x00000000f6900000)
  to   space 37888K, 0% used [0x00000000f1f00000,0x00000000f1f00000,0x00000000f4400000)
 ParOldGen       total 484352K, used 44140K [0x0000000080000000, 0x000000009d900000, 0x00000000d5580000)
  object space 484352K, 9% used [0x0000000080000000,0x0000000082b1b160,0x000000009d900000)
 Metaspace       used 58189K, capacity 61792K, committed 61952K, reserved 1103872K
  class space    used 7685K, capacity 8349K, committed 8448K, reserved 1048576K
Event: 2464.094 GC heap after
Heap after GC invocations=10 (full 3):
 PSYoungGen      total 506368K, used 3744K [0x00000000d5580000, 0x00000000fe900000, 0x0000000100000000)
  eden space 468480K, 0% used [0x00000000d5580000,0x00000000d5580000,0x00000000f1f00000)
  from space 37888K, 9% used [0x00000000f1f00000,0x00000000f22a8010,0x00000000f4400000)
  to   space 39424K, 0% used [0x00000000fc280000,0x00000000fc280000,0x00000000fe900000)
 ParOldGen       total 484352K, used 44148K [0x0000000080000000, 0x000000009d900000, 0x00000000d5580000)
  object space 484352K, 9% used [0x0000000080000000,0x0000000082b1d160,0x000000009d900000)
 Metaspace       used 58189K, capacity 61792K, committed 61952K, reserved 1103872K
  class space    used 7685K, capacity 8349K, committed 8448K, reserved 1048576K
}

